mode: set
course_management/services/auth_service.go:23.77,28.2 1 0
course_management/services/auth_service.go:30.97,31.36 1 0
course_management/services/auth_service.go:31.36,33.3 1 0
course_management/services/auth_service.go:36.2,37.16 2 0
course_management/services/auth_service.go:37.16,39.3 1 0
course_management/services/auth_service.go:41.2,41.24 1 0
course_management/services/auth_service.go:44.50,46.2 1 0
course_management/services/auth_service.go:48.107,51.39 2 0
course_management/services/auth_service.go:51.39,58.36 4 0
course_management/services/auth_service.go:58.36,60.4 1 0
course_management/services/auth_service.go:61.3,61.33 1 0
course_management/services/auth_service.go:61.33,63.4 1 0
course_management/services/auth_service.go:65.3,65.63 1 0
course_management/services/auth_service.go:65.63,67.4 1 0
course_management/services/auth_service.go:69.3,69.27 1 0
course_management/services/auth_service.go:73.2,74.16 2 0
course_management/services/auth_service.go:74.16,76.3 1 0
course_management/services/auth_service.go:78.2,78.25 1 0
course_management/services/auth_service.go:81.100,83.16 2 0
course_management/services/auth_service.go:83.16,85.3 1 0
course_management/services/auth_service.go:87.2,87.18 1 0
course_management/services/auth_service.go:90.96,95.16 3 0
course_management/services/auth_service.go:95.16,97.3 1 0
course_management/services/auth_service.go:100.2,105.16 3 0
course_management/services/auth_service.go:105.16,107.3 1 0
course_management/services/auth_service.go:108.2,110.38 2 0
course_management/services/auth_service.go:110.38,113.3 2 0
course_management/services/auth_service.go:116.2,131.70 2 0
course_management/services/auth_service.go:131.70,133.3 1 0
course_management/services/auth_service.go:136.2,136.46 1 0
course_management/services/auth_service.go:136.46,138.3 1 0
course_management/services/auth_service.go:141.2,141.94 1 0
course_management/services/auth_service.go:141.94,143.3 1 0
course_management/services/auth_service.go:146.2,146.39 1 0
course_management/services/auth_service.go:146.39,148.3 1 0
course_management/services/auth_service.go:151.2,158.24 2 0
course_management/services/auth_service.go:166.64,170.2 1 0
course_management/services/auth_service.go:172.62,174.9 2 0
course_management/services/auth_service.go:174.9,176.3 1 0
course_management/services/auth_service.go:177.2,177.13 1 0
course_management/services/auth_service.go:180.58,182.17 2 0
course_management/services/auth_service.go:182.17,184.3 1 0
course_management/services/auth_service.go:187.2,189.16 3 0
course_management/services/auth_service.go:189.16,191.3 1 0
course_management/services/auth_service.go:196.2,196.12 1 0
course_management/services/auth_service.go:199.63,201.2 1 0
course_management/services/auth_service.go:203.73,206.2 2 0
course_management/services/auth_service.go:208.61,211.2 2 0
course_management/services/auth_service.go:213.66,215.17 2 0
course_management/services/auth_service.go:215.17,217.3 1 0
course_management/services/auth_service.go:220.2,222.16 3 0
course_management/services/auth_service.go:222.16,224.3 1 0
course_management/services/auth_service.go:228.2,228.12 1 0
course_management/services/auth_service.go:231.75,233.17 2 0
course_management/services/auth_service.go:233.17,235.3 1 0
course_management/services/auth_service.go:237.2,237.18 1 0
course_management/services/auth_service.go:241.35,245.2 3 0
course_management/services/auth_service.go:247.52,249.2 1 0
course_management/services/container.go:31.78,36.2 1 0
course_management/services/container.go:38.58,40.28 2 0
course_management/services/container.go:40.28,43.3 2 0
course_management/services/container.go:44.2,50.28 4 0
course_management/services/container.go:50.28,52.3 1 0
course_management/services/container.go:54.2,56.24 3 0
course_management/services/container.go:59.54,61.26 2 0
course_management/services/container.go:61.26,64.3 2 0
course_management/services/container.go:65.2,71.26 4 0
course_management/services/container.go:71.26,73.3 1 0
course_management/services/container.go:75.2,77.22 3 0
course_management/services/container.go:80.60,82.29 2 0
course_management/services/container.go:82.29,85.3 2 0
course_management/services/container.go:86.2,92.29 4 0
course_management/services/container.go:92.29,94.3 1 0
course_management/services/container.go:96.2,98.25 3 0
course_management/services/container.go:101.58,103.28 2 0
course_management/services/container.go:103.28,106.3 2 0
course_management/services/container.go:107.2,113.28 4 0
course_management/services/container.go:113.28,115.3 1 0
course_management/services/container.go:117.2,119.24 3 0
course_management/services/container.go:122.64,124.25 2 0
course_management/services/container.go:124.25,127.3 2 0
course_management/services/container.go:128.2,134.25 4 0
course_management/services/container.go:134.25,136.3 1 0
course_management/services/container.go:138.2,140.21 3 0
course_management/services/container.go:143.60,145.23 2 0
course_management/services/container.go:145.23,148.3 2 0
course_management/services/container.go:149.2,155.23 4 0
course_management/services/container.go:155.23,157.3 1 0
course_management/services/container.go:159.2,161.19 3 0
course_management/services/container.go:164.64,166.25 2 0
course_management/services/container.go:166.25,169.3 2 0
course_management/services/container.go:170.2,176.25 4 0
course_management/services/container.go:176.25,178.3 1 0
course_management/services/container.go:180.2,182.21 3 0
course_management/services/container.go:185.42,190.17 3 0
course_management/services/container.go:190.17,192.17 2 0
course_management/services/container.go:192.17,194.4 1 0
course_management/services/container.go:196.3,196.39 1 0
course_management/services/container.go:196.39,198.4 1 0
course_management/services/container.go:200.3,200.47 1 0
course_management/services/container.go:203.2,203.12 1 0
course_management/services/container.go:213.45,214.28 1 0
course_management/services/container.go:214.28,215.85 1 0
course_management/services/container.go:217.2,217.24 1 0
course_management/services/container.go:221.68,222.26 1 0
course_management/services/container.go:222.26,225.3 2 0
course_management/services/container.go:229.42,239.2 1 0
course_management/services/container.go:242.46,246.2 1 0
course_management/services/course_service.go:16.91,21.2 1 0
course_management/services/course_service.go:23.97,25.49 1 0
course_management/services/course_service.go:25.49,27.3 1 0
course_management/services/course_service.go:30.2,31.16 2 0
course_management/services/course_service.go:31.16,33.3 1 0
course_management/services/course_service.go:34.2,34.12 1 0
course_management/services/course_service.go:34.12,36.3 1 0
course_management/services/course_service.go:39.2,39.68 1 0
course_management/services/course_service.go:39.68,41.3 1 0
course_management/services/course_service.go:43.2,43.12 1 0
course_management/services/course_service.go:46.82,48.16 2 0
course_management/services/course_service.go:48.16,50.3 1 0
course_management/services/course_service.go:52.2,52.20 1 0
course_management/services/course_service.go:55.91,57.16 2 0
course_management/services/course_service.go:57.16,59.3 1 0
course_management/services/course_service.go:61.2,61.20 1 0
course_management/services/course_service.go:64.78,66.16 2 1
course_management/services/course_service.go:66.16,68.3 1 0
course_management/services/course_service.go:70.2,70.21 1 1
course_management/services/course_service.go:73.97,75.49 1 0
course_management/services/course_service.go:75.49,77.3 1 0
course_management/services/course_service.go:80.2,80.22 1 0
course_management/services/course_service.go:80.22,82.17 2 0
course_management/services/course_service.go:82.17,84.4 1 0
course_management/services/course_service.go:85.3,85.15 1 0
course_management/services/course_service.go:85.15,87.4 1 0
course_management/services/course_service.go:91.2,91.68 1 0
course_management/services/course_service.go:91.68,93.3 1 0
course_management/services/course_service.go:95.2,95.12 1 0
course_management/services/course_service.go:98.87,101.16 2 0
course_management/services/course_service.go:101.16,103.3 1 0
course_management/services/course_service.go:104.2,104.14 1 0
course_management/services/course_service.go:104.14,106.3 1 0
course_management/services/course_service.go:109.2,109.53 1 0
course_management/services/course_service.go:109.53,111.3 1 0
course_management/services/course_service.go:113.2,113.12 1 0
course_management/services/course_service.go:116.102,118.2 1 1
course_management/services/course_service.go:120.105,122.2 1 0
course_management/services/course_service.go:124.92,126.16 2 0
course_management/services/course_service.go:126.16,128.3 1 0
course_management/services/course_service.go:130.2,130.21 1 0
course_management/services/course_service.go:133.115,135.16 2 0
course_management/services/course_service.go:135.16,137.3 1 0
course_management/services/course_service.go:139.2,139.28 1 0
course_management/services/course_service.go:142.106,144.16 2 0
course_management/services/course_service.go:144.16,146.3 1 0
course_management/services/course_service.go:148.2,148.21 1 0
course_management/services/course_service.go:151.112,153.16 2 0
course_management/services/course_service.go:153.16,155.3 1 0
course_management/services/course_service.go:157.2,157.20 1 0
course_management/services/course_service.go:160.92,164.2 3 0
course_management/services/course_service.go:166.61,167.42 1 0
course_management/services/course_service.go:167.42,169.3 1 0
course_management/services/course_service.go:170.2,170.45 1 0
course_management/services/course_service.go:170.45,172.3 1 0
course_management/services/course_service.go:173.2,173.52 1 0
course_management/services/course_service.go:173.52,175.3 1 0
course_management/services/course_service.go:176.2,176.59 1 0
course_management/services/course_service.go:176.59,178.3 1 0
course_management/services/course_service.go:181.2,181.36 1 0
course_management/services/course_service.go:181.36,182.35 1 0
course_management/services/course_service.go:182.35,184.4 1 0
course_management/services/course_service.go:185.3,185.45 1 0
course_management/services/course_service.go:185.45,187.4 1 0
course_management/services/course_service.go:191.2,191.38 1 0
course_management/services/course_service.go:191.38,192.42 1 0
course_management/services/course_service.go:192.42,194.4 1 0
course_management/services/course_service.go:195.3,195.49 1 0
course_management/services/course_service.go:195.49,197.4 1 0
course_management/services/course_service.go:200.2,200.12 1 0
course_management/services/course_service.go:203.69,206.32 2 0
course_management/services/course_service.go:206.32,207.58 1 0
course_management/services/course_service.go:207.58,210.23 2 0
course_management/services/course_service.go:210.23,214.19 4 0
course_management/services/course_service.go:214.19,215.14 1 0
course_management/services/course_service.go:218.5,218.45 1 0
course_management/services/course_service.go:218.45,220.6 1 0
course_management/services/course_service.go:222.5,223.22 2 0
course_management/services/course_service.go:224.16,225.43 1 0
course_management/services/course_service.go:226.20,227.47 1 0
course_management/services/course_service.go:228.24,229.34 1 0
course_management/services/course_service.go:230.19,231.46 1 0
course_management/services/course_service.go:233.5,233.26 1 0
course_management/services/course_service.go:239.2,240.36 2 0
course_management/services/course_service.go:240.36,241.41 1 0
course_management/services/course_service.go:241.41,243.4 1 0
course_management/services/course_service.go:246.2,246.14 1 0
course_management/services/course_service.go:249.71,252.32 2 0
course_management/services/course_service.go:252.32,253.59 1 0
course_management/services/course_service.go:253.59,256.23 2 0
course_management/services/course_service.go:256.23,260.19 4 0
course_management/services/course_service.go:260.19,261.14 1 0
course_management/services/course_service.go:264.5,264.46 1 0
course_management/services/course_service.go:264.46,266.6 1 0
course_management/services/course_service.go:268.5,269.22 2 0
course_management/services/course_service.go:270.18,271.46 1 0
course_management/services/course_service.go:272.21,273.59 1 0
course_management/services/course_service.go:275.5,275.28 1 0
course_management/services/course_service.go:281.2,282.37 2 0
course_management/services/course_service.go:282.37,283.43 1 0
course_management/services/course_service.go:283.43,285.4 1 0
course_management/services/course_service.go:288.2,288.15 1 0
course_management/services/course_service.go:292.61,294.32 2 0
course_management/services/course_service.go:294.32,296.3 1 0
course_management/services/course_service.go:297.2,297.18 1 0
course_management/services/repositories.go:75.56,77.2 1 0
course_management/services/repositories.go:79.94,81.16 2 0
course_management/services/repositories.go:81.16,83.3 1 0
course_management/services/repositories.go:86.2,98.54 3 0
course_management/services/repositories.go:101.83,103.73 2 0
course_management/services/repositories.go:103.73,104.45 1 0
course_management/services/repositories.go:104.45,106.4 1 0
course_management/services/repositories.go:107.3,107.18 1 0
course_management/services/repositories.go:110.2,110.31 1 0
course_management/services/repositories.go:113.88,115.125 2 0
course_management/services/repositories.go:115.125,117.3 1 0
course_management/services/repositories.go:119.2,119.42 1 0
course_management/services/repositories.go:119.42,121.3 1 0
course_management/services/repositories.go:123.2,123.41 1 0
course_management/services/repositories.go:126.89,128.93 2 0
course_management/services/repositories.go:128.93,129.45 1 0
course_management/services/repositories.go:129.45,131.4 1 0
course_management/services/repositories.go:132.3,132.18 1 0
course_management/services/repositories.go:135.2,135.31 1 0
course_management/services/repositories.go:138.108,140.118 2 0
course_management/services/repositories.go:140.118,141.45 1 0
course_management/services/repositories.go:141.45,143.4 1 0
course_management/services/repositories.go:144.3,144.18 1 0
course_management/services/repositories.go:147.2,147.31 1 0
course_management/services/repositories.go:150.74,152.93 2 0
course_management/services/repositories.go:152.93,154.3 1 0
course_management/services/repositories.go:156.2,157.37 2 0
course_management/services/repositories.go:157.37,159.17 2 0
course_management/services/repositories.go:159.17,161.12 2 0
course_management/services/repositories.go:163.3,164.37 2 0
course_management/services/repositories.go:167.2,167.21 1 0
course_management/services/repositories.go:170.94,172.16 2 0
course_management/services/repositories.go:172.16,174.3 1 0
course_management/services/repositories.go:176.2,184.25 3 0
course_management/services/repositories.go:184.25,186.3 1 0
course_management/services/repositories.go:187.2,187.30 1 0
course_management/services/repositories.go:187.30,189.3 1 0
course_management/services/repositories.go:191.2,191.12 1 0
course_management/services/repositories.go:194.71,196.25 2 0
course_management/services/repositories.go:196.25,198.3 1 0
course_management/services/repositories.go:199.2,199.30 1 0
course_management/services/repositories.go:199.30,201.3 1 0
course_management/services/repositories.go:203.2,203.12 1 0
course_management/services/repositories.go:206.90,208.125 2 0
course_management/services/repositories.go:208.125,210.3 1 0
course_management/services/repositories.go:212.2,213.37 2 0
course_management/services/repositories.go:213.37,215.17 2 0
course_management/services/repositories.go:215.17,217.12 2 0
course_management/services/repositories.go:219.3,219.37 1 0
course_management/services/repositories.go:222.2,222.21 1 0
course_management/services/repositories.go:225.99,229.2 3 0
course_management/services/repositories.go:231.102,233.16 2 0
course_management/services/repositories.go:233.16,235.3 1 0
course_management/services/repositories.go:237.2,237.48 1 0
course_management/services/repositories.go:240.103,244.2 3 0
course_management/services/repositories.go:246.111,250.90 3 0
course_management/services/repositories.go:250.90,252.3 1 0
course_management/services/repositories.go:254.2,254.121 1 0
course_management/services/repositories.go:254.121,256.3 1 0
course_management/services/repositories.go:258.2,259.37 2 0
course_management/services/repositories.go:259.37,261.17 2 0
course_management/services/repositories.go:261.17,263.12 2 0
course_management/services/repositories.go:265.3,266.37 2 0
course_management/services/repositories.go:269.2,269.33 1 0
course_management/services/repositories.go:272.130,278.55 4 0
course_management/services/repositories.go:278.55,280.3 1 0
course_management/services/repositories.go:282.2,282.105 1 0
course_management/services/repositories.go:282.105,284.3 1 0
course_management/services/repositories.go:286.2,287.37 2 0
course_management/services/repositories.go:287.37,289.17 2 0
course_management/services/repositories.go:289.17,291.12 2 0
course_management/services/repositories.go:293.3,293.37 1 0
course_management/services/repositories.go:296.2,296.33 1 0
course_management/services/repositories.go:299.70,303.2 3 0
course_management/services/repositories.go:305.92,309.2 3 0
course_management/services/repositories.go:311.102,316.102 3 0
course_management/services/repositories.go:316.102,318.3 1 0
course_management/services/repositories.go:320.2,321.37 2 0
course_management/services/repositories.go:321.37,323.17 2 0
course_management/services/repositories.go:323.17,325.12 2 0
course_management/services/repositories.go:327.3,327.37 1 0
course_management/services/repositories.go:330.2,330.21 1 0
course_management/services/repositories.go:334.75,336.77 2 0
course_management/services/repositories.go:336.77,338.3 1 0
course_management/services/repositories.go:341.2,344.21 3 0
course_management/services/repositories.go:352.52,354.2 1 0
course_management/services/repositories.go:356.92,366.68 2 0
course_management/services/repositories.go:366.68,368.3 1 0
course_management/services/repositories.go:370.2,370.32 1 0
course_management/services/repositories.go:373.85,375.71 2 0
course_management/services/repositories.go:375.71,376.45 1 0
course_management/services/repositories.go:376.45,378.4 1 0
course_management/services/repositories.go:379.3,379.18 1 0
course_management/services/repositories.go:382.2,382.32 1 0
course_management/services/repositories.go:385.99,387.100 2 0
course_management/services/repositories.go:387.100,388.45 1 0
course_management/services/repositories.go:388.45,390.4 1 0
course_management/services/repositories.go:391.3,391.18 1 0
course_management/services/repositories.go:394.2,394.32 1 0
course_management/services/repositories.go:397.93,399.93 2 0
course_management/services/repositories.go:399.93,400.45 1 0
course_management/services/repositories.go:400.45,402.4 1 0
course_management/services/repositories.go:403.3,403.18 1 0
course_management/services/repositories.go:406.2,406.32 1 0
course_management/services/repositories.go:409.77,419.25 3 0
course_management/services/repositories.go:419.25,421.3 1 0
course_management/services/repositories.go:422.2,422.30 1 0
course_management/services/repositories.go:422.30,424.3 1 0
course_management/services/repositories.go:426.2,426.12 1 0
course_management/services/repositories.go:429.99,431.25 2 0
course_management/services/repositories.go:431.25,433.3 1 0
course_management/services/repositories.go:434.2,434.30 1 0
course_management/services/repositories.go:434.30,436.3 1 0
course_management/services/repositories.go:438.2,438.12 1 0
course_management/services/repositories.go:441.104,443.25 2 0
course_management/services/repositories.go:443.25,445.3 1 0
course_management/services/repositories.go:446.2,446.30 1 0
course_management/services/repositories.go:446.30,448.3 1 0
course_management/services/repositories.go:450.2,450.12 1 0
course_management/services/repositories.go:453.69,455.25 2 0
course_management/services/repositories.go:455.25,457.3 1 0
course_management/services/repositories.go:458.2,458.30 1 0
course_management/services/repositories.go:458.30,460.3 1 0
course_management/services/repositories.go:462.2,462.12 1 0
course_management/services/repositories.go:465.62,474.2 1 0
course_management/services/repositories.go:481.56,483.2 1 0
course_management/services/repositories.go:485.83,495.2 2 0
course_management/services/repositories.go:497.89,499.73 2 0
course_management/services/repositories.go:499.73,500.45 1 0
course_management/services/repositories.go:500.45,502.4 1 0
course_management/services/repositories.go:503.3,503.18 1 0
course_management/services/repositories.go:506.2,506.36 1 0
course_management/services/repositories.go:509.96,511.98 2 0
course_management/services/repositories.go:511.98,513.3 1 0
course_management/services/repositories.go:515.2,516.37 2 0
course_management/services/repositories.go:516.37,518.3 1 0
course_management/services/repositories.go:520.2,520.21 1 0
course_management/services/repositories.go:523.100,525.102 2 0
course_management/services/repositories.go:525.102,527.3 1 0
course_management/services/repositories.go:529.2,530.37 2 0
course_management/services/repositories.go:530.37,532.3 1 0
course_management/services/repositories.go:534.2,534.21 1 0
course_management/services/repositories.go:537.114,539.126 2 0
course_management/services/repositories.go:539.126,540.45 1 0
course_management/services/repositories.go:540.45,542.4 1 0
course_management/services/repositories.go:543.3,543.18 1 0
course_management/services/repositories.go:546.2,546.36 1 0
course_management/services/repositories.go:549.83,556.25 3 0
course_management/services/repositories.go:556.25,558.3 1 0
course_management/services/repositories.go:559.2,559.30 1 0
course_management/services/repositories.go:559.30,561.3 1 0
course_management/services/repositories.go:563.2,563.12 1 0
course_management/services/repositories.go:566.71,568.25 2 0
course_management/services/repositories.go:568.25,570.3 1 0
course_management/services/repositories.go:571.2,571.30 1 0
course_management/services/repositories.go:571.30,573.3 1 0
course_management/services/repositories.go:575.2,575.12 1 0
course_management/services/repositories.go:578.87,587.2 2 0
course_management/services/repositories.go:589.103,591.97 2 0
course_management/services/repositories.go:591.97,593.3 1 0
course_management/services/repositories.go:595.2,596.35 2 0
course_management/services/repositories.go:596.35,605.3 1 0
course_management/services/repositories.go:607.2,607.20 1 0
course_management/services/repositories.go:610.107,612.101 2 0
course_management/services/repositories.go:612.101,614.3 1 0
course_management/services/repositories.go:616.2,617.35 2 0
course_management/services/repositories.go:617.35,626.3 1 0
course_management/services/repositories.go:628.2,628.20 1 0
course_management/services/repositories.go:631.94,641.2 2 0
course_management/services/repositories.go:643.106,645.101 2 0
course_management/services/repositories.go:645.101,647.3 1 0
course_management/services/repositories.go:649.2,650.43 2 0
course_management/services/repositories.go:650.43,660.3 1 0
course_management/services/repositories.go:662.2,662.24 1 0
course_management/services/repositories.go:665.78,676.2 1 0
course_management/services/review_service.go:15.120,21.2 1 0
course_management/services/review_service.go:23.86,25.49 1 0
course_management/services/review_service.go:25.49,27.3 1 0
course_management/services/review_service.go:30.2,31.41 2 0
course_management/services/review_service.go:31.41,33.3 1 0
course_management/services/review_service.go:36.2,37.16 2 0
course_management/services/review_service.go:37.16,39.3 1 0
course_management/services/review_service.go:42.2,45.57 2 0
course_management/services/review_service.go:45.57,47.3 1 0
course_management/services/review_service.go:50.2,54.17 1 0
course_management/services/review_service.go:54.17,57.3 1 0
course_management/services/review_service.go:59.2,59.12 1 0
course_management/services/review_service.go:62.88,64.16 2 0
course_management/services/review_service.go:64.16,66.3 1 0
course_management/services/review_service.go:68.2,68.20 1 0
course_management/services/review_service.go:71.98,73.16 2 0
course_management/services/review_service.go:73.16,75.3 1 0
course_management/services/review_service.go:77.2,77.21 1 0
course_management/services/review_service.go:80.102,82.16 2 0
course_management/services/review_service.go:82.16,84.3 1 0
course_management/services/review_service.go:86.2,86.21 1 0
course_management/services/review_service.go:89.86,91.49 1 0
course_management/services/review_service.go:91.49,93.3 1 0
course_management/services/review_service.go:96.2,97.16 2 0
course_management/services/review_service.go:97.16,99.3 1 0
course_management/services/review_service.go:101.2,101.44 1 0
course_management/services/review_service.go:101.44,103.3 1 0
course_management/services/review_service.go:106.2,106.57 1 0
course_management/services/review_service.go:106.57,108.3 1 0
course_management/services/review_service.go:111.2,116.17 1 0
course_management/services/review_service.go:116.17,119.3 1 0
course_management/services/review_service.go:121.2,121.12 1 0
course_management/services/review_service.go:124.87,127.16 2 0
course_management/services/review_service.go:127.16,129.3 1 0
course_management/services/review_service.go:131.2,131.37 1 0
course_management/services/review_service.go:131.37,133.3 1 0
course_management/services/review_service.go:136.2,136.53 1 0
course_management/services/review_service.go:136.53,138.3 1 0
course_management/services/review_service.go:141.2,145.17 1 0
course_management/services/review_service.go:145.17,148.3 1 0
course_management/services/review_service.go:150.2,150.12 1 0
course_management/services/review_service.go:153.102,155.47 1 0
course_management/services/review_service.go:155.47,157.3 1 0
course_management/services/review_service.go:160.2,161.16 2 0
course_management/services/review_service.go:161.16,163.3 1 0
course_management/services/review_service.go:166.2,173.64 2 0
course_management/services/review_service.go:173.64,175.3 1 0
course_management/services/review_service.go:178.2,182.17 1 0
course_management/services/review_service.go:182.17,185.3 1 0
course_management/services/review_service.go:187.2,187.12 1 0
course_management/services/review_service.go:190.100,192.16 2 0
course_management/services/review_service.go:192.16,194.3 1 0
course_management/services/review_service.go:196.2,196.20 1 0
course_management/services/review_service.go:199.129,201.39 1 0
course_management/services/review_service.go:201.39,203.3 1 0
course_management/services/review_service.go:204.2,204.29 1 0
course_management/services/review_service.go:204.29,206.3 1 0
course_management/services/review_service.go:207.2,207.24 1 0
course_management/services/review_service.go:207.24,209.3 1 0
course_management/services/review_service.go:212.2,213.16 2 0
course_management/services/review_service.go:213.16,215.3 1 0
course_management/services/review_service.go:218.2,226.66 2 0
course_management/services/review_service.go:226.66,228.3 1 0
course_management/services/review_service.go:231.2,236.17 1 0
course_management/services/review_service.go:236.17,239.3 1 0
course_management/services/review_service.go:241.2,241.12 1 0
course_management/services/review_service.go:244.103,246.16 2 0
course_management/services/review_service.go:246.16,248.3 1 0
course_management/services/review_service.go:250.2,250.24 1 0
course_management/services/review_service.go:253.133,262.2 2 0
course_management/services/review_service.go:264.67,265.24 1 0
course_management/services/review_service.go:265.24,267.3 1 0
course_management/services/review_service.go:268.2,268.26 1 0
course_management/services/review_service.go:268.26,270.3 1 0
course_management/services/review_service.go:271.2,271.44 1 0
course_management/services/review_service.go:271.44,273.3 1 0
course_management/services/review_service.go:274.2,274.44 1 0
course_management/services/review_service.go:274.44,276.3 1 0
course_management/services/review_service.go:277.2,277.29 1 0
course_management/services/review_service.go:277.29,279.3 1 0
course_management/services/review_service.go:280.2,280.31 1 0
course_management/services/review_service.go:280.31,282.3 1 0
course_management/services/review_service.go:284.2,284.12 1 0
course_management/services/review_service.go:287.58,288.41 1 0
course_management/services/review_service.go:288.41,290.3 1 0
course_management/services/review_service.go:291.2,291.48 1 0
course_management/services/review_service.go:291.48,293.3 1 0
course_management/services/review_service.go:295.2,295.12 1 0
course_management/services/services.go:71.14,73.2 0 1
course_management/services/services.go:76.41,77.19 1 0
course_management/services/services.go:77.19,79.3 1 0
course_management/services/services.go:80.2,80.28 1 0
course_management/services/services.go:80.28,82.3 1 0
course_management/services/services.go:83.2,83.17 1 0
course_management/services/services.go:87.37,88.16 1 0
course_management/services/services.go:88.16,90.3 1 0
course_management/services/services.go:91.2,91.15 1 0
